<?xml version="1.0" encoding="UTF-8"?>
<testng-results ignored="0" total="1" passed="1" failed="0" skipped="0">
  <reporter-output>
  </reporter-output>
  <suite started-at="2025-07-02T15:35:54 EET" name="Default suite" finished-at="2025-07-02T15:35:57 EET" duration-ms="3207">
    <groups>
    </groups>
    <test started-at="2025-07-02T15:35:54 EET" name="Default test" finished-at="2025-07-02T15:35:57 EET" duration-ms="3207">
      <class name="LoginPage.MyTestCases">
        <test-method is-config="true" signature="mySetup()[pri:0, instance:LoginPage.MyTestCases@50ecde95]" started-at="2025-07-02T15:35:54 EET" name="mySetup" finished-at="2025-07-02T15:35:56 EET" duration-ms="2310" status="PASS">
          <reporter-output>
          </reporter-output>
        </test-method> <!-- mySetup -->
        <test-method signature="Signup()[pri:1, instance:LoginPage.MyTestCases@50ecde95]" started-at="2025-07-02T15:35:56 EET" name="Signup" finished-at="2025-07-02T15:35:57 EET" duration-ms="871" status="PASS">
          <reporter-output>
          </reporter-output>
        </test-method> <!-- Signup -->
      </class> <!-- LoginPage.MyTestCases -->
    </test> <!-- Default test -->
  </suite> <!-- Default suite -->
</testng-results>
